<?xml version="1.0" encoding="UTF-8"?>
<!-- Generated by org.testng.reporters.JUnitReportReporter -->
<testsuite hostname="DESKTOP-GG31IJO" failures="0" tests="4" name="com.PersonalSite.Test.HomePageTest" time="3.976" errors="0" timestamp="2021-03-21T07:33:42 IST" skipped="0">
  <testcase classname="com.PersonalSite.Test.HomePageTest" name="vertifyTitle" time="3.148"/>
  <system-out/>
  <testcase classname="com.PersonalSite.Test.HomePageTest" name="getAboutMeMessage" time="0.060"/>
  <system-out/>
  <testcase classname="com.PersonalSite.Test.HomePageTest" name="hoverProfileImage" time="0.612"/>
  <system-out/>
  <testcase classname="com.PersonalSite.Test.HomePageTest" name="verifyGithubIcon" time="0.156"/>
  <system-out/>
</testsuite> <!-- com.PersonalSite.Test.HomePageTest -->
