<?xml version="1.0" encoding="UTF-8"?>
<!-- Generated by org.testng.reporters.JUnitReportReporter -->
<testsuite hostname="PCIN457783" failures="0" tests="4" name="com.PersonalSite.Test.HomePageTest" time="3.613" errors="0" timestamp="2021-03-14T18:05:43 IST" skipped="0">
  <testcase classname="com.PersonalSite.Test.HomePageTest" name="vertifyTitle" time="3.022"/>
  <system-out/>
  <testcase classname="com.PersonalSite.Test.HomePageTest" name="getAboutMeMessage" time="0.029"/>
  <system-out/>
  <testcase classname="com.PersonalSite.Test.HomePageTest" name="hoverProfileImage" time="0.486"/>
  <system-out/>
  <testcase classname="com.PersonalSite.Test.HomePageTest" name="verifyGithubIcon" time="0.076"/>
  <system-out/>
</testsuite> <!-- com.PersonalSite.Test.HomePageTest -->
